<?xml version="1.0" encoding="UTF-8"?>
<!-- Generated by org.testng.reporters.JUnitXMLReporter -->
<testsuite hostname="LAPTOP-NQBU1KGP" ignored="0" name="Default test" tests="3" failures="0" timestamp="2019-09-07T23:03:10 IST" time="27.62" errors="0">
  <testcase name="branchupdation" time="0.006" classname="TestNG.Bupdatation"/>
  <testcase name="applogin" time="1.527" classname="TestNG.PrimusBankTestNG"/>
  <testcase name="empcreation" time="19.407" classname="TestNG.PrimusBankTestNG"/>
</testsuite> <!-- Default test -->
