<?xml version="1.0" encoding="UTF-8"?>
<!-- Generated by org.testng.reporters.JUnitXMLReporter -->
<testsuite hostname="LAPTOP-NQBU1KGP" ignored="0" name="SanityCheck" tests="3" failures="0" timestamp="2019-09-07T22:22:58 IST" time="26.999" errors="0">
  <testcase name="applogin" time="1.019" classname="TestNG.PrimusBankTestNG"/>
  <testcase name="empcreation" time="14.736" classname="TestNG.PrimusBankTestNG"/>
  <testcase name="testMethod1" time="0.009" classname="TestNG.AnnotationsTest"/>
</testsuite> <!-- SanityCheck -->
