<?xml version="1.0" encoding="UTF-8"?>
<testng-results skipped="0" failed="0" ignored="0" total="1" passed="1">
  <reporter-output>
  </reporter-output>
  <suite name="Default suite" duration-ms="10842" started-at="2019-09-08T21:27:27 IST" finished-at="2019-09-08T21:27:38 IST">
    <groups>
    </groups>
    <test name="Default test" duration-ms="10842" started-at="2019-09-08T21:27:27 IST" finished-at="2019-09-08T21:27:38 IST">
      <class name="POM.LoginPageTestPOM">
        <test-method status="PASS" signature="login()[pri:0, instance:POM.LoginPageTestPOM@3a5ed7a6]" name="login" duration-ms="10811" started-at="2019-09-08T21:27:27 IST" finished-at="2019-09-08T21:27:38 IST">
          <reporter-output>
          </reporter-output>
        </test-method> <!-- login -->
      </class> <!-- POM.LoginPageTestPOM -->
    </test> <!-- Default test -->
  </suite> <!-- Default suite -->
</testng-results>
